This is pdfTeX, Version 3.1415926-2.3-1.40.12 (MiKTeX 2.9) (preloaded format=pdflatex 2011.11.5)  20 NOV 2011 19:26
entering extended mode
**C:/Users/Mike/Desktop/vpc*research/vpc_paper/viral_plaque_new.tex
("C:/Users/Mike/Desktop/vpc research/vpc_paper/viral_plaque_new.tex"
LaTeX2e <2011/06/27>
Babel <v3.8m> and hyphenation patterns for english, afrikaans, ancientgreek, ar
abic, armenian, assamese, basque, bengali, bokmal, bulgarian, catalan, coptic, 
croatian, czech, danish, dutch, esperanto, estonian, farsi, finnish, french, ga
lician, german, german-x-2009-06-19, greek, gujarati, hindi, hungarian, iceland
ic, indonesian, interlingua, irish, italian, kannada, kurmanji, lao, latin, lat
vian, lithuanian, malayalam, marathi, mongolian, mongolianlmc, monogreek, ngerm
an, ngerman-x-2009-06-19, nynorsk, oriya, panjabi, pinyin, polish, portuguese, 
romanian, russian, sanskrit, serbian, slovak, slovenian, spanish, swedish, swis
sgerman, tamil, telugu, turkish, turkmen, ukenglish, ukrainian, uppersorbian, u
senglishmax, welsh, loaded.
(C:\Users\Mike\AppData\Roaming\MiKTeX\2.9\tex\latex\ieeetran\IEEEtran.cls
Document Class: IEEEtran 2007/03/05 V1.7a by Michael Shell
-- See the "IEEEtran_HOWTO" manual for usage information.
-- http://www.michaelshell.org/tex/ieeetran/
\@IEEEtrantmpdimenA=\dimen102
\@IEEEtrantmpdimenB=\dimen103
\@IEEEtrantmpcountA=\count79
\@IEEEtrantmpcountB=\count80
\@IEEEtrantmptoksA=\toks14
LaTeX Font Info:    Try loading font information for OT1+ptm on input line 366.

("C:\Program Files (x86)\MiKTeX 2.9\tex\latex\psnfss\ot1ptm.fd"
File: ot1ptm.fd 2001/06/04 font definitions for OT1/ptm.
)
-- Using 8.5in x 11in (letter) paper.
-- Using PDF output.
\@IEEEnormalsizeunitybaselineskip=\dimen104
-- This is an 11 point document.
\CLASSINFOnormalsizebaselineskip=\dimen105
\CLASSINFOnormalsizeunitybaselineskip=\dimen106
\IEEEnormaljot=\dimen107
LaTeX Font Info:    Font shape `OT1/ptm/bx/n' in size <6> not available
(Font)              Font shape `OT1/ptm/b/n' tried instead on input line 724.
LaTeX Font Info:    Font shape `OT1/ptm/bx/it' in size <6> not available
(Font)              Font shape `OT1/ptm/b/it' tried instead on input line 724.
LaTeX Font Info:    Font shape `OT1/ptm/bx/n' in size <8> not available
(Font)              Font shape `OT1/ptm/b/n' tried instead on input line 724.
LaTeX Font Info:    Font shape `OT1/ptm/bx/it' in size <8> not available
(Font)              Font shape `OT1/ptm/b/it' tried instead on input line 724.
LaTeX Font Info:    Font shape `OT1/ptm/bx/n' in size <9> not available
(Font)              Font shape `OT1/ptm/b/n' tried instead on input line 724.
LaTeX Font Info:    Font shape `OT1/ptm/bx/it' in size <9> not available
(Font)              Font shape `OT1/ptm/b/it' tried instead on input line 724.
LaTeX Font Info:    Font shape `OT1/ptm/bx/n' in size <10> not available
(Font)              Font shape `OT1/ptm/b/n' tried instead on input line 724.
LaTeX Font Info:    Font shape `OT1/ptm/bx/it' in size <10> not available
(Font)              Font shape `OT1/ptm/b/it' tried instead on input line 724.
LaTeX Font Info:    Font shape `OT1/ptm/bx/n' in size <11> not available
(Font)              Font shape `OT1/ptm/b/n' tried instead on input line 724.
LaTeX Font Info:    Font shape `OT1/ptm/bx/it' in size <11> not available
(Font)              Font shape `OT1/ptm/b/it' tried instead on input line 724.
LaTeX Font Info:    Font shape `OT1/ptm/bx/n' in size <12> not available
(Font)              Font shape `OT1/ptm/b/n' tried instead on input line 724.
LaTeX Font Info:    Font shape `OT1/ptm/bx/it' in size <12> not available
(Font)              Font shape `OT1/ptm/b/it' tried instead on input line 724.
LaTeX Font Info:    Font shape `OT1/ptm/bx/n' in size <17> not available
(Font)              Font shape `OT1/ptm/b/n' tried instead on input line 724.
LaTeX Font Info:    Font shape `OT1/ptm/bx/it' in size <17> not available
(Font)              Font shape `OT1/ptm/b/it' tried instead on input line 724.
LaTeX Font Info:    Font shape `OT1/ptm/bx/n' in size <20> not available
(Font)              Font shape `OT1/ptm/b/n' tried instead on input line 724.
LaTeX Font Info:    Font shape `OT1/ptm/bx/it' in size <20> not available
(Font)              Font shape `OT1/ptm/b/it' tried instead on input line 724.
LaTeX Font Info:    Font shape `OT1/ptm/bx/n' in size <24> not available
(Font)              Font shape `OT1/ptm/b/n' tried instead on input line 724.
LaTeX Font Info:    Font shape `OT1/ptm/bx/it' in size <24> not available
(Font)              Font shape `OT1/ptm/b/it' tried instead on input line 724.
\IEEEilabelindentA=\dimen108
\IEEEilabelindentB=\dimen109
\IEEEilabelindent=\dimen110
\IEEEelabelindent=\dimen111
\IEEEdlabelindent=\dimen112
\IEEElabelindent=\dimen113
\IEEEiednormlabelsep=\dimen114
\IEEEiedmathlabelsep=\dimen115
\IEEEiedtopsep=\skip41
\c@section=\count81
\c@subsection=\count82
\c@subsubsection=\count83
\c@paragraph=\count84
\c@IEEEsubequation=\count85
\abovecaptionskip=\skip42
\belowcaptionskip=\skip43
\c@figure=\count86
\c@table=\count87
\@IEEEeqnnumcols=\count88
\@IEEEeqncolcnt=\count89
\@IEEEtmpitemindent=\dimen116
\c@IEEEbiography=\count90
\@IEEEtranrubishbin=\box26
) ("C:\Program Files (x86)\MiKTeX 2.9\tex\latex\graphics\graphicx.sty"
Package: graphicx 1999/02/16 v1.0f Enhanced LaTeX Graphics (DPC,SPQR)

("C:\Program Files (x86)\MiKTeX 2.9\tex\latex\graphics\keyval.sty"
Package: keyval 1999/03/16 v1.13 key=value parser (DPC)
\KV@toks@=\toks15
)
("C:\Program Files (x86)\MiKTeX 2.9\tex\latex\graphics\graphics.sty"
Package: graphics 2009/02/05 v1.0o Standard LaTeX Graphics (DPC,SPQR)

("C:\Program Files (x86)\MiKTeX 2.9\tex\latex\graphics\trig.sty"
Package: trig 1999/03/16 v1.09 sin cos tan (DPC)
)
("C:\Program Files (x86)\MiKTeX 2.9\tex\latex\00miktex\graphics.cfg"
File: graphics.cfg 2007/01/18 v1.5 graphics configuration of teTeX/TeXLive
)
Package graphics Info: Driver file: pdftex.def on input line 91.

("C:\Program Files (x86)\MiKTeX 2.9\tex\latex\pdftex-def\pdftex.def"
File: pdftex.def 2011/05/27 v0.06d Graphics/color for pdfTeX

("C:\Program Files (x86)\MiKTeX 2.9\tex\generic\oberdiek\infwarerr.sty"
Package: infwarerr 2010/04/08 v1.3 Providing info/warning/message (HO)
)
("C:\Program Files (x86)\MiKTeX 2.9\tex\generic\oberdiek\ltxcmds.sty"
Package: ltxcmds 2011/04/18 v1.20 LaTeX kernel commands for general use (HO)
)
\Gread@gobject=\count91
))
\Gin@req@height=\dimen117
\Gin@req@width=\dimen118
)
(C:\Users\Mike\AppData\Roaming\MiKTeX\2.9\tex\latex\expdlist\expdlist.sty
Document Substyle `EXPDLIST'. Released 22.09.1999 (V 2.4)
English Documentation  22.09.99
\listpartsep=\skip44
) (C:\Users\Mike\AppData\Roaming\MiKTeX\2.9\tex\latex\fancyvrb\fancyvrb.sty
Package: fancyvrb 2008/02/07

Style option: `fancyvrb' v2.7a, with DG/SPQR fixes, and firstline=lastline fix 
<2008/02/07> (tvz)
\FV@CodeLineNo=\count92
\FV@InFile=\read1
\FV@TabBox=\box27
\c@FancyVerbLine=\count93
\FV@StepNumber=\count94
\FV@OutFile=\write3
)
("C:\Program Files (x86)\MiKTeX 2.9\tex\latex\float\float.sty"
Package: float 2001/11/08 v1.3d Float enhancements (AL)
\c@float@type=\count95
\float@exts=\toks16
\float@box=\box28
\@float@everytoks=\toks17
\@floatcapt=\box29
)
\@float@every@pc=\toks18
\c@pc=\count96

("C:\Users\Mike\Desktop\vpc research\vpc_paper\viral_plaque_new.aux")
LaTeX Font Info:    Checking defaults for OML/cmm/m/it on input line 15.
LaTeX Font Info:    ... okay on input line 15.
LaTeX Font Info:    Checking defaults for T1/cmr/m/n on input line 15.
LaTeX Font Info:    ... okay on input line 15.
LaTeX Font Info:    Checking defaults for OT1/cmr/m/n on input line 15.
LaTeX Font Info:    ... okay on input line 15.
LaTeX Font Info:    Checking defaults for OMS/cmsy/m/n on input line 15.
LaTeX Font Info:    ... okay on input line 15.
LaTeX Font Info:    Checking defaults for OMX/cmex/m/n on input line 15.
LaTeX Font Info:    ... okay on input line 15.
LaTeX Font Info:    Checking defaults for U/cmr/m/n on input line 15.
LaTeX Font Info:    ... okay on input line 15.

(C:\Users\Mike\AppData\Roaming\MiKTeX\2.9\tex\context\base\supp-pdf.mkii
[Loading MPS to PDF converter (version 2006.09.02).]
\scratchcounter=\count97
\scratchdimen=\dimen119
\scratchbox=\box30
\nofMPsegments=\count98
\nofMParguments=\count99
\everyMPshowfont=\toks19
\MPscratchCnt=\count100
\MPscratchDim=\dimen120
\MPnumerator=\count101
\makeMPintoPDFobject=\count102
\everyMPtoPDFconversion=\toks20
) <sample.jpg, id=1, 3040.35875pt x 2053.6725pt>
File: sample.jpg Graphic file (type jpg)
 <use sample.jpg>
Package pdftex.def Info: sample.jpg used on input line 29.
(pdftex.def)             Requested size: 206.39685pt x 139.38466pt.


LaTeX Warning: `h' float specifier changed to `ht'.


Underfull \vbox (badness 1565) has occurred while \output is active []

 [1{C:/Users/Mike/AppData/Local/MiKTeX/2.9/pdftex/config/pdftex.map}


 <C:/Users/Mike/Desktop/vpc research/vpc_paper/sample.jpg>]
<segmentOtsu.jpg, id=7, 3040.35875pt x 2053.6725pt>
File: segmentOtsu.jpg Graphic file (type jpg)
 <use segmentOtsu.jpg>
Package pdftex.def Info: segmentOtsu.jpg used on input line 79.
(pdftex.def)             Requested size: 206.39685pt x 139.38466pt.

<segmentFillHoles.jpg, id=8, 3040.35875pt x 2053.6725pt>
File: segmentFillHoles.jpg Graphic file (type jpg)

<use segmentFillHoles.jpg>
Package pdftex.def Info: segmentFillHoles.jpg used on input line 89.
(pdftex.def)             Requested size: 206.39685pt x 139.38466pt.

Underfull \vbox (badness 10000) has occurred while \output is active []

 [2 <C:/Users/Mike/Desktop/vpc research/vpc_paper/segmentOtsu.jpg>]
<segmentErode.jpg, id=13, 3040.35875pt x 2053.6725pt>
File: segmentErode.jpg Graphic file (type jpg)
 <use segmentErode.jpg>
Package pdftex.def Info: segmentErode.jpg used on input line 100.
(pdftex.def)             Requested size: 206.39685pt x 139.38466pt.

<segmentFloodFill.jpg, id=14, 3040.35875pt x 2053.6725pt>
File: segmentFloodFill.jpg Graphic file (type jpg)

<use segmentFloodFill.jpg>
Package pdftex.def Info: segmentFloodFill.jpg used on input line 111.
(pdftex.def)             Requested size: 206.39685pt x 139.38466pt.

Underfull \vbox (badness 10000) has occurred while \output is active []


<segmentUseRadius.jpg, id=15, 3040.35875pt x 2053.6725pt>
File: segmentUseRadius.jpg Graphic file (type jpg)

<use segmentUseRadius.jpg>
Package pdftex.def Info: segmentUseRadius.jpg used on input line 120.
(pdftex.def)             Requested size: 206.39685pt x 139.38466pt.
Missing character: There is no â in font ptmr7t!
Missing character: There is no € in font ptmr7t!
Missing character: There is no ™ in font ptmr7t!
 [3 <C:/Users/Mike/Desktop/vpc research/vpc_paper/segmentFillHoles.jpg> <C:/Use
rs/Mike/Desktop/vpc research/vpc_paper/segmentErode.jpg> <C:/Users/Mike/Desktop
/vpc research/vpc_paper/segmentFloodFill.jpg> <C:/Users/Mike/Desktop/vpc resear
ch/vpc_paper/segmentUseRadius.jpg>]
<countBegin.jpg, id=19, 371.3875pt x 371.3875pt>
File: countBegin.jpg Graphic file (type jpg)
 <use countBegin.jpg>
Package pdftex.def Info: countBegin.jpg used on input line 138.
(pdftex.def)             Requested size: 129.0pt x 129.00153pt.

<countOtsuA.jpg, id=20, 371.3875pt x 371.3875pt>
File: countOtsuA.jpg Graphic file (type jpg)
 <use countOtsuA.jpg>
Package pdftex.def Info: countOtsuA.jpg used on input line 147.
(pdftex.def)             Requested size: 129.0pt x 129.00153pt.

<countErodeB.jpg, id=21, 371.3875pt x 371.3875pt>
File: countErodeB.jpg Graphic file (type jpg)
 <use countErodeB.jpg>
Package pdftex.def Info: countErodeB.jpg used on input line 159.
(pdftex.def)             Requested size: 129.0pt x 129.00153pt.

Underfull \vbox (badness 10000) has occurred while \output is active []


<countDilateC.jpg, id=22, 371.3875pt x 371.3875pt>
File: countDilateC.jpg Graphic file (type jpg)
 <use countDilateC.jpg>
Package pdftex.def Info: countDilateC.jpg used on input line 172.
(pdftex.def)             Requested size: 129.0pt x 129.00153pt.
LaTeX Font Info:    Try loading font information for OT1+pcr on input line 180.


("C:\Program Files (x86)\MiKTeX 2.9\tex\latex\psnfss\ot1pcr.fd"
File: ot1pcr.fd 2001/06/04 font definitions for OT1/pcr.
)
<countMerged.jpg, id=23, 371.3875pt x 371.3875pt>
File: countMerged.jpg Graphic file (type jpg)
 <use countMerged.jpg>
Package pdftex.def Info: countMerged.jpg used on input line 185.
(pdftex.def)             Requested size: 129.0pt x 129.00153pt.

Underfull \vbox (badness 10000) has occurred while \output is active []

 [4 <C:/Users/Mike/Desktop/vpc research/vpc_paper/countBegin.jpg> <C:/Users/Mik
e/Desktop/vpc research/vpc_paper/countOtsuA.jpg> <C:/Users/Mike/Desktop/vpc res
earch/vpc_paper/countErodeB.jpg> <C:/Users/Mike/Desktop/vpc research/vpc_paper/
countDilateC.jpg>]
LaTeX Font Info:    Calculating math sizes for size <11> on input line 219.
LaTeX Font Info:    External font `cmex10' loaded for size
(Font)              <11> on input line 219.
LaTeX Font Info:    External font `cmex10' loaded for size
(Font)              <7.69997> on input line 219.
LaTeX Font Info:    External font `cmex10' loaded for size
(Font)              <5.5> on input line 219.
 <Study1Results.png, id=28, 960.58875pt x 234.1247pt>
File: Study1Results.png Graphic file (type png)

<use Study1Results.png>
Package pdftex.def Info: Study1Results.png used on input line 227.
(pdftex.def)             Requested size: 258.0pt x 62.88226pt.

Overfull \hbox (6.0pt too wide) in paragraph at lines 227--228
 [][] 
 []

<Study1ResultsCont.png, id=29, 959.08313pt x 234.1247pt>
File: Study1ResultsCont.png Graphic file (type png)

<use Study1ResultsCont.png>
Package pdftex.def Info: Study1ResultsCont.png used on input line 234.
(pdftex.def)             Requested size: 258.0pt x 62.9823pt.

Overfull \hbox (6.0pt too wide) in paragraph at lines 234--235
 [][] 
 []

[5 <C:/Users/Mike/Desktop/vpc research/vpc_paper/countMerged.jpg> <C:/Users/Mik
e/Desktop/vpc research/vpc_paper/Study1Results.png> <C:/Users/Mike/Desktop/vpc 
research/vpc_paper/Study1ResultsCont.png>]
<Study2Results.png, id=35, 960.58875pt x 234.1247pt>
File: Study2Results.png Graphic file (type png)
 <use Study2Results.png>
Package pdftex.def Info: Study2Results.png used on input line 247.
(pdftex.def)             Requested size: 258.0pt x 62.88226pt.

Overfull \hbox (6.0pt too wide) in paragraph at lines 247--248
 [][] 
 []

<Study2ResultsCont.png, id=36, 959.08313pt x 234.1247pt>
File: Study2ResultsCont.png Graphic file (type png)

<use Study2ResultsCont.png>
Package pdftex.def Info: Study2ResultsCont.png used on input line 254.
(pdftex.def)             Requested size: 258.0pt x 62.9823pt.

Overfull \hbox (6.0pt too wide) in paragraph at lines 254--255
 [][] 
 []

<Study3Results.png, id=37, 960.58875pt x 234.1247pt>
File: Study3Results.png Graphic file (type png)
 <use Study3Results.png>
Package pdftex.def Info: Study3Results.png used on input line 264.
(pdftex.def)             Requested size: 258.0pt x 62.88226pt.

Overfull \hbox (6.0pt too wide) in paragraph at lines 264--265
 [][] 
 []

[6

 <C:/Users/Mike/Desktop/vpc research/vpc_paper/Study2Results.png> <C:/Users/Mik
e/Desktop/vpc research/vpc_paper/Study2ResultsCont.png> <C:/Users/Mike/Desktop/
vpc research/vpc_paper/Study3Results.png>]
("C:\Users\Mike\Desktop\vpc research\vpc_paper\viral_plaque_new.aux") ) 
Here is how much of TeX's memory you used:
 2397 strings out of 494045
 38015 string characters out of 3145972
 92263 words of memory out of 3000000
 5692 multiletter control sequences out of 15000+200000
 33196 words of font info for 66 fonts, out of 3000000 for 9000
 715 hyphenation exceptions out of 8191
 27i,6n,21p,1091b,377s stack positions out of 5000i,500n,10000p,200000b,50000s
{C:/Prog
ram Files (x86)/MiKTeX 2.9/fonts/enc/dvips/fontname/8r.enc}<C:/Program Files (x
86)/MiKTeX 2.9/fonts/type1/public/amsfonts/cm/cmmi10.pfb><C:/Program Files (x86
)/MiKTeX 2.9/fonts/type1/public/amsfonts/cm/cmr10.pfb><C:/Program Files (x86)/M
iKTeX 2.9/fonts/type1/urw/courier/ucrr8a.pfb><C:/Program Files (x86)/MiKTeX 2.9
/fonts/type1/urw/times/utmr8a.pfb><C:/Program Files (x86)/MiKTeX 2.9/fonts/type
1/urw/times/utmri8a.pfb>
Output written on viral_plaque_new.pdf (6 pages, 2930724 bytes).
PDF statistics:
 58 PDF objects out of 1000 (max. 8388607)
 0 named destinations out of 1000 (max. 500000)
 81 words of extra memory for PDF output out of 10000 (max. 10000000)

